[debug] [2024-02-10T07:22:40.904Z] ----------------------------------------------------------------------
[debug] [2024-02-10T07:22:40.931Z] Command:       C:\Program Files\nodejs\node.exe C:\Users\USER\AppData\Roaming\npm\node_modules\firebase-tools\lib\bin\firebase.js init hosting
[debug] [2024-02-10T07:22:40.932Z] CLI Version:   13.0.2
[debug] [2024-02-10T07:22:40.932Z] Platform:      win32
[debug] [2024-02-10T07:22:40.932Z] Node Version:  v19.7.0
[debug] [2024-02-10T07:22:40.933Z] Time:          Sat Feb 10 2024 12:52:40 GMT+0530 (India Standard Time)
[debug] [2024-02-10T07:22:40.934Z] ----------------------------------------------------------------------
[debug] 
[debug] [2024-02-10T07:22:40.938Z] >>> [apiv2][query] GET https://firebase-public.firebaseio.com/cli.json [none]
[debug] [2024-02-10T07:22:40.999Z] > command requires scopes: ["email","openid","https://www.googleapis.com/auth/cloudplatformprojects.readonly","https://www.googleapis.com/auth/firebase","https://www.googleapis.com/auth/cloud-platform"]
[debug] [2024-02-10T07:22:40.999Z] > authorizing via signed-in user (lovesaranya143@gmail.com)
[info] 
     ######## #### ########  ######## ########     ###     ######  ########
     ##        ##  ##     ## ##       ##     ##  ##   ##  ##       ##
     ######    ##  ########  ######   ########  #########  ######  ######
     ##        ##  ##    ##  ##       ##     ## ##     ##       ## ##
     ##       #### ##     ## ######## ########  ##     ##  ######  ########

You're about to initialize a Firebase project in this directory:

  C:\Users\USER\OneDrive\Desktop\educase-india

[debug] [2024-02-10T07:22:42.345Z] <<< [apiv2][status] GET https://firebase-public.firebaseio.com/cli.json 200
[debug] [2024-02-10T07:22:42.345Z] <<< [apiv2][body] GET https://firebase-public.firebaseio.com/cli.json {"cloudBuildErrorAfter":1594252800000,"cloudBuildWarnAfter":1590019200000,"defaultNode10After":1594252800000,"minVersion":"3.0.5","node8DeploysDisabledAfter":1613390400000,"node8RuntimeDisabledAfter":1615809600000,"node8WarnAfter":1600128000000}
[info] 
=== Project Setup
[info] 
[info] First, let's associate this project directory with a Firebase project.
[info] You can create multiple project aliases by running firebase use --add, 
[info] but for now we'll just set up a default project.
[info] 
[debug] [2024-02-10T07:27:51.246Z] > refreshing access token with scopes: []
[debug] [2024-02-10T07:27:51.253Z] >>> [apiv2][query] POST https://www.googleapis.com/oauth2/v3/token [none]
[debug] [2024-02-10T07:27:51.253Z] >>> [apiv2][body] POST https://www.googleapis.com/oauth2/v3/token [omitted]
[debug] [2024-02-10T07:27:51.914Z] <<< [apiv2][status] POST https://www.googleapis.com/oauth2/v3/token 200
[debug] [2024-02-10T07:27:51.914Z] <<< [apiv2][body] POST https://www.googleapis.com/oauth2/v3/token [omitted]
[debug] [2024-02-10T07:27:51.935Z] >>> [apiv2][query] GET https://firebase.googleapis.com/v1beta1/projects pageSize=100
[debug] [2024-02-10T07:27:52.924Z] <<< [apiv2][status] GET https://firebase.googleapis.com/v1beta1/projects 200
[debug] [2024-02-10T07:27:52.925Z] <<< [apiv2][body] GET https://firebase.googleapis.com/v1beta1/projects [omitted]
